<?xml version="1.0" encoding="UTF-8"?>
<!-- Generated by org.testng.reporters.JUnitReportReporter -->
<testsuite hostname="DESKTOP-LFV37HU" failures="0" tests="1" name="com.qa.shop.tests.favourite.FavouriteTest" time="11.185" errors="0" timestamp="30 мар. 2022 16:21:21 GMT" skipped="0">
  <testcase classname="com.qa.shop.tests.favourite.FavouriteTest" name="favouriteTest" time="11.185"/>
</testsuite> <!-- com.qa.shop.tests.favourite.FavouriteTest -->
