<?xml version="1.0" encoding="UTF-8"?>
<!-- Generated by org.testng.reporters.JUnitReportReporter -->
<testsuite hostname="DESKTOP-LFV37HU" failures="0" tests="2" name="com.qa.shop.tests.filters.FiltersTest" time="17.048" errors="0" timestamp="30 мар. 2022 16:21:21 GMT" skipped="0">
  <testcase classname="com.qa.shop.tests.filters.FiltersTest" name="favouriteTest" time="8.953"/>
  <testcase classname="com.qa.shop.tests.filters.FiltersTest" name="favouriteTest" time="8.095"/>
</testsuite> <!-- com.qa.shop.tests.filters.FiltersTest -->
